<?xml version="1.0" encoding="UTF-8"?>
<testsuite xmlns:xsi="http://www.w3.org/2001/XMLSchema-instance" xsi:noNamespaceSchemaLocation="https://maven.apache.org/surefire/maven-surefire-plugin/xsd/surefire-test-report-3.0.xsd" version="3.0" name="cucumber.options.TestRunner" time="13.19" tests="3" errors="0" skipped="0" failures="0">
  <properties>
[...]
</properties>
  <testcase name="Verify if user is successfully added #1" classname="validating req-res api" time="10.138"/>
  <testcase name="Verify if user is successfully added #2" classname="validating req-res api" time="0.632"/>
  <testcase name="Verify if the added user is successfully retrieved" classname="validating req-res api" time="0.466"/>
</testsuite>