<?xml version="1.0" encoding="UTF-8"?>
<testng-results ignored="0" total="1" passed="1" failed="0" skipped="0">
  <reporter-output>
  </reporter-output>
  <suite started-at="2023-02-15T19:36:46 GMT-05:00" name="Default suite" finished-at="2023-02-15T19:36:52 GMT-05:00" duration-ms="5560">
    <groups>
    </groups>
    <test started-at="2023-02-15T19:36:46 GMT-05:00" name="Default test" finished-at="2023-02-15T19:36:52 GMT-05:00" duration-ms="5560">
      <class name="tests.GetUsers">
        <test-method signature="getAllUsers()[pri:0, instance:tests.GetUsers@393671df]" started-at="2023-02-15T19:36:46 GMT-05:00" name="getAllUsers" finished-at="2023-02-15T19:36:52 GMT-05:00" duration-ms="5441" status="PASS">
          <reporter-output>
          </reporter-output>
        </test-method> <!-- getAllUsers -->
      </class> <!-- tests.GetUsers -->
    </test> <!-- Default test -->
  </suite> <!-- Default suite -->
</testng-results>
